[01m[K/home/conlab/ssv2_ws/src/m-explore/explore/src/explore.cpp:[m[K In member function â€˜[01m[Kvoid explore::Explore::makePlan()[m[Kâ€™:
[01m[K/home/conlab/ssv2_ws/src/m-explore/explore/src/explore.cpp:283:46:[m[K [01;31m[Kerror: [m[Kâ€˜[01m[Kclass __gnu_cxx::__normal_iterator<explore::Explore::sGoal*, std::vector<explore::Explore::sGoal> >[m[Kâ€™ has no member named â€˜[01m[Kdistance[m[Kâ€™
  283 |     if (!same_goal || prev_distance_ > bestS.[01;31m[Kdistance[m[K) {
      |                                              [01;31m[K^~~~~~~~[m[K
make[2]: *** [CMakeFiles/explore.dir/build.make:95: CMakeFiles/explore.dir/src/explore.cpp.o] Error 1
make[1]: *** [CMakeFiles/Makefile2:449: CMakeFiles/explore.dir/all] Error 2
make: *** [Makefile:160: all] Error 2
