[01m[K/home/conlab/ssv2_ws/src/m-explore/explore/src/explore.cpp:[m[K In member function â€˜[01m[Kvoid explore::Explore::makePlan()[m[Kâ€™:
[01m[K/home/conlab/ssv2_ws/src/m-explore/explore/src/explore.cpp:270:23:[m[K [01;31m[Kerror: [m[Kâ€˜[01m[KbestS[m[Kâ€™ was not declared in this scope
  270 |     target_position = [01;31m[KbestS[m[K->sPoint;
      |                       [01;31m[K^~~~~[m[K
[01m[K/home/conlab/ssv2_ws/src/m-explore/explore/src/explore.cpp:292:40:[m[K [01;31m[Kerror: [m[Kâ€˜[01m[KbestS[m[Kâ€™ was not declared in this scope
  292 |     if (!same_goal || prev_distance_ > [01;31m[KbestS[m[K->distance) {
      |                                        [01;31m[K^~~~~[m[K
make[2]: *** [CMakeFiles/explore.dir/build.make:95: CMakeFiles/explore.dir/src/explore.cpp.o] Error 1
make[1]: *** [CMakeFiles/Makefile2:449: CMakeFiles/explore.dir/all] Error 2
make: *** [Makefile:160: all] Error 2
