[01m[K/home/conlab/ssv2_ws/src/m-explore/explore/src/explore.cpp:[m[K In member function â€˜[01m[Kbool explore::Explore::goalOnBlacklist(const Point&)[m[Kâ€™:
[01m[K/home/conlab/ssv2_ws/src/m-explore/explore/src/explore.cpp:490:18:[m[K [01;31m[Kerror: [m[Kâ€˜[01m[Ktolerance[m[Kâ€™ was not declared in this scope
  490 |     if (x_diff < [01;31m[Ktolerance[m[K * costmap2d->getResolution() &&
      |                  [01;31m[K^~~~~~~~~[m[K
make[2]: *** [CMakeFiles/explore.dir/build.make:95: CMakeFiles/explore.dir/src/explore.cpp.o] Error 1
make[1]: *** [CMakeFiles/Makefile2:449: CMakeFiles/explore.dir/all] Error 2
make: *** [Makefile:160: all] Error 2
