[01m[K/home/conlab/ssv2_ws/src/m-explore/explore/src/explore.cpp:[m[K In member function â€˜[01m[Kvoid explore::Explore::sPoseCallback(const sPoses&)[m[Kâ€™:
[01m[K/home/conlab/ssv2_ws/src/m-explore/explore/src/explore.cpp:187:16:[m[K [01;31m[Kerror: [m[Kâ€˜[01m[Kconst sPoses[m[Kâ€™ {aka â€˜[01m[Kconst struct jackal_2dnav::sPoses_<std::allocator<void> >[m[Kâ€™} has no member named â€˜[01m[Kposes[m[Kâ€™; did you mean â€˜[01m[KsPoses[m[Kâ€™?
  187 |   if(sPose_msg.[01;31m[Kposes[m[K.size() > 0){
      |                [01;31m[K^~~~~[m[K
      |                [32m[KsPoses[m[K
[01m[K/home/conlab/ssv2_ws/src/m-explore/explore/src/explore.cpp:193:34:[m[K [01;31m[Kerror: [m[Kâ€˜[01m[Kconst sPoses[m[Kâ€™ {aka â€˜[01m[Kconst struct jackal_2dnav::sPoses_<std::allocator<void> >[m[Kâ€™} has no member named â€˜[01m[Kposes[m[Kâ€™; did you mean â€˜[01m[KsPoses[m[Kâ€™?
  193 |     for(int i = 0; i < sPose_msg.[01;31m[Kposes[m[K.size(); ++i){
      |                                  [01;31m[K^~~~~[m[K
      |                                  [32m[KsPoses[m[K
[01m[K/home/conlab/ssv2_ws/src/m-explore/explore/src/explore.cpp:195:33:[m[K [01;31m[Kerror: [m[Kâ€˜[01m[Kconst sPoses[m[Kâ€™ {aka â€˜[01m[Kconst struct jackal_2dnav::sPoses_<std::allocator<void> >[m[Kâ€™} has no member named â€˜[01m[Kposes[m[Kâ€™; did you mean â€˜[01m[KsPoses[m[Kâ€™?
  195 |       temp.sPoint.x = sPose_msg.[01;31m[Kposes[m[K[i].position.x;
      |                                 [01;31m[K^~~~~[m[K
      |                                 [32m[KsPoses[m[K
[01m[K/home/conlab/ssv2_ws/src/m-explore/explore/src/explore.cpp:196:33:[m[K [01;31m[Kerror: [m[Kâ€˜[01m[Kconst sPoses[m[Kâ€™ {aka â€˜[01m[Kconst struct jackal_2dnav::sPoses_<std::allocator<void> >[m[Kâ€™} has no member named â€˜[01m[Kposes[m[Kâ€™; did you mean â€˜[01m[KsPoses[m[Kâ€™?
  196 |       temp.sPoint.y = sPose_msg.[01;31m[Kposes[m[K[i].position.y;
      |                                 [01;31m[K^~~~~[m[K
      |                                 [32m[KsPoses[m[K
make[2]: *** [CMakeFiles/explore.dir/build.make:95: CMakeFiles/explore.dir/src/explore.cpp.o] Error 1
make[1]: *** [CMakeFiles/Makefile2:449: CMakeFiles/explore.dir/all] Error 2
make: *** [Makefile:160: all] Error 2
