[01m[K/home/conlab/ssv2_ws/src/m-explore/explore/src/explore.cpp:[m[K In member function â€˜[01m[Kvoid explore::Explore::sPoseCallback(const sPoses&)[m[Kâ€™:
[01m[K/home/conlab/ssv2_ws/src/m-explore/explore/src/explore.cpp:198:12:[m[K [01;31m[Kerror: [m[Kâ€˜[01m[Kstruct explore::Explore::sGoal[m[Kâ€™ has no member named â€˜[01m[Klabel[m[Kâ€™
  198 |       temp.[01;31m[Klabel[m[K = sPose_msg.sPoses[i].objLabel;
      |            [01;31m[K^~~~~[m[K
make[2]: *** [CMakeFiles/explore.dir/build.make:95: CMakeFiles/explore.dir/src/explore.cpp.o] Error 1
make[1]: *** [CMakeFiles/Makefile2:449: CMakeFiles/explore.dir/all] Error 2
make: *** [Makefile:160: all] Error 2
