[01m[K/home/conlab/ssv2_ws/src/m-explore/explore/src/explore.cpp:[m[K In member function â€˜[01m[Kgeometry_msgs::Pose explore::Explore::setAngle(geometry_msgs::Pose, geometry_msgs::Point)[m[Kâ€™:
[01m[K/home/conlab/ssv2_ws/src/m-explore/explore/src/explore.cpp:228:3:[m[K [01;31m[Kerror: [m[Kâ€˜[01m[Kquat_[m[Kâ€™ was not declared in this scope; did you mean â€˜[01m[Kquad_t[m[Kâ€™?
  228 |   [01;31m[Kquat_[m[K.setRPY(0, 0, theta);
      |   [01;31m[K^~~~~[m[K
      |   [32m[Kquad_t[m[K
make[2]: *** [CMakeFiles/explore.dir/build.make:95: CMakeFiles/explore.dir/src/explore.cpp.o] Error 1
make[1]: *** [CMakeFiles/Makefile2:449: CMakeFiles/explore.dir/all] Error 2
make: *** [Makefile:160: all] Error 2
