[01m[K/home/conlab/ssv2_ws/src/m-explore/explore/src/explore.cpp:[m[K In member function â€˜[01m[Kvoid explore::Explore::makePlan()[m[Kâ€™:
[01m[K/home/conlab/ssv2_ws/src/m-explore/explore/src/explore.cpp:259:12:[m[K [01;31m[Kerror: [m[Kâ€˜[01m[Kclass __gnu_cxx::__normal_iterator<explore::Explore::sGoal*, std::vector<explore::Explore::sGoal> >[m[Kâ€™ has no member named â€˜[01m[KsPoint[m[Kâ€™
  259 |   if(bestS.[01;31m[KsPoint[m[K.x != 0 && bestS.sPoint.y != 0){
      |            [01;31m[K^~~~~~[m[K
[01m[K/home/conlab/ssv2_ws/src/m-explore/explore/src/explore.cpp:259:35:[m[K [01;31m[Kerror: [m[Kâ€˜[01m[Kclass __gnu_cxx::__normal_iterator<explore::Explore::sGoal*, std::vector<explore::Explore::sGoal> >[m[Kâ€™ has no member named â€˜[01m[KsPoint[m[Kâ€™
  259 |   if(bestS.sPoint.x != 0 && bestS.[01;31m[KsPoint[m[K.y != 0){
      |                                   [01;31m[K^~~~~~[m[K
[01m[K/home/conlab/ssv2_ws/src/m-explore/explore/src/explore.cpp:260:50:[m[K [01;31m[Kerror: [m[Kâ€˜[01m[Kclass __gnu_cxx::__normal_iterator<explore::Explore::sGoal*, std::vector<explore::Explore::sGoal> >[m[Kâ€™ has no member named â€˜[01m[KsPoint[m[Kâ€™
  260 |     geometry_msgs::Point target_position = bestS.[01;31m[KsPoint[m[K;
      |                                                  [01;31m[K^~~~~~[m[K
[01m[K/home/conlab/ssv2_ws/src/m-explore/explore/src/explore.cpp:269:34:[m[K [01;31m[Kerror: [m[Kâ€˜[01m[Ktarget_position[m[Kâ€™ was not declared in this scope
  269 |   bool same_goal = prev_goal_ == [01;31m[Ktarget_position[m[K;
      |                                  [01;31m[K^~~~~~~~~~~~~~~[m[K
[01m[K/home/conlab/ssv2_ws/src/m-explore/explore/src/explore.cpp:282:46:[m[K [01;31m[Kerror: [m[Kâ€˜[01m[Kclass __gnu_cxx::__normal_iterator<explore::Explore::sGoal*, std::vector<explore::Explore::sGoal> >[m[Kâ€™ has no member named â€˜[01m[Kdistance[m[Kâ€™
  282 |     if (!same_goal || prev_distance_ > bestS.[01;31m[Kdistance[m[K) {
      |                                              [01;31m[K^~~~~~~~[m[K
[01m[K/home/conlab/ssv2_ws/src/m-explore/explore/src/explore.cpp:[m[K In lambda function:
[01m[K/home/conlab/ssv2_ws/src/m-explore/explore/src/explore.cpp:312:37:[m[K [01;31m[Kerror: [m[Kâ€˜[01m[Ktarget_position[m[Kâ€™ is not captured
  312 |         reachedGoal(status, result, [01;31m[Ktarget_position[m[K);
      |                                     [01;31m[K^~~~~~~~~~~~~~~[m[K
[01m[K/home/conlab/ssv2_ws/src/m-explore/explore/src/explore.cpp:309:35:[m[K [01;36m[Knote: [m[Kthe lambda has no capture-default
  309 |       goal, [this, target_position[01;36m[K][m[K(
      |                                   [01;36m[K^[m[K
[01m[K/home/conlab/ssv2_ws/src/m-explore/explore/src/explore.cpp:269:34:[m[K [01;36m[Knote: [m[Kâ€˜[01m[K<typeprefixerror>target_position[m[Kâ€™ declared here
  269 |   bool same_goal = prev_goal_ == [01;36m[Ktarget_position[m[K;
      |                                  [01;36m[K^~~~~~~~~~~~~~~[m[K
make[2]: *** [CMakeFiles/explore.dir/build.make:95: CMakeFiles/explore.dir/src/explore.cpp.o] Error 1
make[1]: *** [CMakeFiles/Makefile2:449: CMakeFiles/explore.dir/all] Error 2
make: *** [Makefile:160: all] Error 2
