[01m[K/home/conlab/ssv2_ws/src/jackal_2dnav/src/semantic_navigator.cpp:[m[K In member function â€˜[01m[Kvoid semanticExplore::semanticCallback(const Octomap&)[m[Kâ€™:
[01m[K/home/conlab/ssv2_ws/src/jackal_2dnav/src/semantic_navigator.cpp:54:118:[m[K [01;31m[Kerror: [m[Kexpected â€˜[01m[K)[m[Kâ€™ before â€˜[01m[K{[m[Kâ€™ token
   54 |     if[34m[K([m[K(currentColor.r == 64 && currentColor.g == 0 && currentColor.b == 128) && (it.getZ() > 0.3 && it.getZ() < 1.5)[01;31m[K{[m[K
      |       [34m[K~[m[K                                                                                                              [01;31m[K^[m[K
      |                                                                                                                      [32m[K)[m[K
[01m[K/home/conlab/ssv2_ws/src/jackal_2dnav/src/semantic_navigator.cpp:135:3:[m[K [01;31m[Kerror: [m[Kexpected primary-expression before â€˜[01m[K}[m[Kâ€™ token
  135 |   [01;31m[K}[m[K
      |   [01;31m[K^[m[K
make[2]: *** [CMakeFiles/semantic_navigator.dir/build.make:82: CMakeFiles/semantic_navigator.dir/src/semantic_navigator.cpp.o] Error 1
make[1]: *** [CMakeFiles/Makefile2:269: CMakeFiles/semantic_navigator.dir/all] Error 2
make: *** [Makefile:160: all] Error 2
