In file included from [01m[K/home/conlab/ssv2_ws/src/jackal_2dnav/src/semantic_navigator.cpp:2[m[K:
[01m[K/home/conlab/ssv2_ws/src/jackal_2dnav/include/semantic_navigator.h:20:10:[m[K [01;31m[Kfatal error: [m[Kjackal_2dnav/sInstances.h: No such file or directory
   20 | #include [01;31m[K"jackal_2dnav/sInstances.h"[m[K
      |          [01;31m[K^~~~~~~~~~~~~~~~~~~~~~~~~~~[m[K
compilation terminated.
make[2]: *** [CMakeFiles/semantic_navigator.dir/build.make:82: CMakeFiles/semantic_navigator.dir/src/semantic_navigator.cpp.o] Error 1
make[1]: *** [CMakeFiles/Makefile2:272: CMakeFiles/semantic_navigator.dir/all] Error 2
make: *** [Makefile:160: all] Error 2
