[35m[1mScanning dependencies of target semantic_navigator[0m
[  7%] Built target my_navigation_goals
[ 11%] [32mBuilding CXX object CMakeFiles/semantic_navigator.dir/src/semantic_navigator.cpp.o[0m
[ 11%] Built target std_msgs_generate_messages_eus
[ 11%] Built target _jackal_2dnav_generate_messages_check_deps_grassLimits
[ 11%] Built target _jackal_2dnav_generate_messages_check_deps_sPoses
[ 11%] Built target _jackal_2dnav_generate_messages_check_deps_sInstance
[ 11%] Built target geometry_msgs_generate_messages_eus
[ 11%] Built target geometry_msgs_generate_messages_py
[ 11%] Built target _jackal_2dnav_generate_messages_check_deps_grasslands
[ 11%] Built target std_msgs_generate_messages_py
[ 11%] Built target geometry_msgs_generate_messages_nodejs
[ 11%] Built target std_msgs_generate_messages_nodejs
[ 11%] Built target geometry_msgs_generate_messages_lisp
[ 11%] Built target std_msgs_generate_messages_lisp
[ 11%] Built target std_msgs_generate_messages_cpp
[ 11%] Built target geometry_msgs_generate_messages_cpp
[ 30%] Built target jackal_2dnav_generate_messages_eus
[ 50%] Built target jackal_2dnav_generate_messages_py
[ 65%] Built target jackal_2dnav_generate_messages_nodejs
[ 80%] Built target jackal_2dnav_generate_messages_lisp
[ 96%] Built target jackal_2dnav_generate_messages_cpp
[ 96%] Built target jackal_2dnav_generate_messages
In file included from [01m[K/home/conlab/ssv2_ws/src/jackal_2dnav/src/semantic_navigator.cpp:2[m[K:
[01m[K/home/conlab/ssv2_ws/src/jackal_2dnav/include/semantic_navigator.h:20:10:[m[K [01;31m[Kfatal error: [m[Kjackal_2dnav/sInstances.h: No such file or directory
   20 | #include [01;31m[K"jackal_2dnav/sInstances.h"[m[K
      |          [01;31m[K^~~~~~~~~~~~~~~~~~~~~~~~~~~[m[K
compilation terminated.
make[2]: *** [CMakeFiles/semantic_navigator.dir/build.make:82: CMakeFiles/semantic_navigator.dir/src/semantic_navigator.cpp.o] Error 1
make[1]: *** [CMakeFiles/Makefile2:272: CMakeFiles/semantic_navigator.dir/all] Error 2
make: *** [Makefile:160: all] Error 2
