[01m[K/home/conlab/ssv2_ws/src/jackal_2dnav/src/semantic_navigation.cpp:[m[K In member function â€˜[01m[Kvoid semanticExploration::semanticCallback(const Octomap&)[m[Kâ€™:
[01m[K/home/conlab/ssv2_ws/src/jackal_2dnav/src/semantic_navigation.cpp:182:5:[m[K [01;31m[Kerror: [m[Kexpected â€˜[01m[K;[m[Kâ€™ before â€˜[01m[Kgoal[m[Kâ€™
  182 |     [01;31m[Kgoal[m[K.target_pose.header.frame_id = "map"; //global frame
      |     [01;31m[K^~~~[m[K
make[2]: *** [CMakeFiles/semantic_navigation.dir/build.make:82: CMakeFiles/semantic_navigation.dir/src/semantic_navigation.cpp.o] Error 1
make[1]: *** [CMakeFiles/Makefile2:1228: CMakeFiles/semantic_navigation.dir/all] Error 2
make: *** [Makefile:160: all] Error 2
